sniffing on eth0
got a packet
###[ Ethernet ]### 
  dst       = 33:33:00:00:00:02
  src       = 02:57:0d:34:1f:0d
  type      = IPv6
###[ IPv6 ]### 
     version   = 6
     tc        = 0
     fl        = 0
     plen      = 16
     nh        = ICMPv6
     hlim      = 255
     src       = fe80::57:dff:fe34:1f0d
     dst       = ff02::2
###[ ICMPv6 Neighbor Discovery - Router Solicitation ]### 
        type      = Router Solicitation
        code      = 0
        cksum     = 0x21fe
        res       = 0
###[ ICMPv6 Neighbor Discovery Option - Source Link-Layer Address ]### 
           type      = 1
           len       = 1
           lladdr    = 02:57:0d:34:1f:0d

got a packet
###[ Ethernet ]### 
  dst       = 33:33:00:00:00:fb
  src       = 02:57:0d:34:1f:0d
  type      = IPv6
###[ IPv6 ]### 
     version   = 6
     tc        = 0
     fl        = 654691
     plen      = 53
     nh        = UDP
     hlim      = 255
     src       = fe80::57:dff:fe34:1f0d
     dst       = ff02::fb
###[ UDP ]### 
        sport     = mdns
        dport     = mdns
        len       = 53
        chksum    = 0x2a5d
###[ DNS ]### 
           id        = 0
           qr        = 0
           opcode    = QUERY
           aa        = 0
           tc        = 0
           rd        = 0
           ra        = 0
           z         = 0
           ad        = 0
           cd        = 0
           rcode     = ok
           qdcount   = 2
           ancount   = 0
           nscount   = 0
           arcount   = 0
           \qd        \
            |###[ DNS Question Record ]### 
            |  qname     = '_ipps._tcp.local.'
            |  qtype     = PTR
            |  qclass    = IN
            |###[ DNS Question Record ]### 
            |  qname     = '_ipp._tcp.local.'
            |  qtype     = PTR
            |  qclass    = IN
           an        = None
           ns        = None
           ar        = None

got a packet
###[ Ethernet ]### 
  dst       = 08:00:00:00:02:02
  src       = 08:00:00:00:02:00
  type      = IPv4
###[ IP ]### 
     version   = 4
     ihl       = 5
     tos       = 0xb9
     len       = 38
     id        = 1
     flags     = 
     frag      = 0
     ttl       = 62
     proto     = udp
     chksum    = 0x650b
     src       = 10.0.1.1
     dst       = 10.0.2.2
     \options   \
###[ UDP ]### 
        sport     = 1234
        dport     = 4321
        len       = 18
        chksum    = 0xfc7a
###[ Raw ]### 
           load      = 'p4 is cool'

got a packet
###[ Ethernet ]### 
  dst       = 08:00:00:00:02:00
  src       = 08:00:00:00:02:02
  type      = IPv4
###[ IP ]### 
     version   = 4
     ihl       = 5
     tos       = 0xd8
     len       = 66
     id        = 4187
     flags     = 
     frag      = 0
     ttl       = 64
     proto     = icmp
     chksum    = 0x5286
     src       = 10.0.2.2
     dst       = 10.0.1.1
     \options   \
###[ ICMP ]### 
        type      = dest-unreach
        code      = port-unreachable
        chksum    = 0x1423
        reserved  = 0
        length    = 0
        nexthopmtu= 0
        unused    = ''
###[ IP in ICMP ]### 
           version   = 4
           ihl       = 5
           tos       = 0xb9
           len       = 38
           id        = 1
           flags     = 
           frag      = 0
           ttl       = 62
           proto     = udp
           chksum    = 0x650b
           src       = 10.0.1.1
           dst       = 10.0.2.2
           \options   \
###[ UDP in ICMP ]### 
              sport     = 1234
              dport     = 4321
              len       = 18
              chksum    = 0xfc7a
###[ Raw ]### 
                 load      = 'p4 is cool'

got a packet
###[ Ethernet ]### 
  dst       = 08:00:00:00:02:02
  src       = 08:00:00:00:02:00
  type      = IPv4
###[ IP ]### 
     version   = 4
     ihl       = 5
     tos       = 0xb9
     len       = 38
     id        = 1
     flags     = 
     frag      = 0
     ttl       = 62
     proto     = udp
     chksum    = 0x650b
     src       = 10.0.1.1
     dst       = 10.0.2.2
     \options   \
###[ UDP ]### 
        sport     = 1234
        dport     = 4321
        len       = 18
        chksum    = 0xfc7a
###[ Raw ]### 
           load      = 'p4 is cool'

got a packet
###[ Ethernet ]### 
  dst       = 08:00:00:00:02:00
  src       = 08:00:00:00:02:02
  type      = IPv4
###[ IP ]### 
     version   = 4
     ihl       = 5
     tos       = 0xd8
     len       = 66
     id        = 4200
     flags     = 
     frag      = 0
     ttl       = 64
     proto     = icmp
     chksum    = 0x5279
     src       = 10.0.2.2
     dst       = 10.0.1.1
     \options   \
###[ ICMP ]### 
        type      = dest-unreach
        code      = port-unreachable
        chksum    = 0x1423
        reserved  = 0
        length    = 0
        nexthopmtu= 0
        unused    = ''
###[ IP in ICMP ]### 
           version   = 4
           ihl       = 5
           tos       = 0xb9
           len       = 38
           id        = 1
           flags     = 
           frag      = 0
           ttl       = 62
           proto     = udp
           chksum    = 0x650b
           src       = 10.0.1.1
           dst       = 10.0.2.2
           \options   \
###[ UDP in ICMP ]### 
              sport     = 1234
              dport     = 4321
              len       = 18
              chksum    = 0xfc7a
###[ Raw ]### 
                 load      = 'p4 is cool'

got a packet
###[ Ethernet ]### 
  dst       = 33:33:00:00:00:02
  src       = 02:57:0d:34:1f:0d
  type      = IPv6
###[ IPv6 ]### 
     version   = 6
     tc        = 0
     fl        = 0
     plen      = 16
     nh        = ICMPv6
     hlim      = 255
     src       = fe80::57:dff:fe34:1f0d
     dst       = ff02::2
###[ ICMPv6 Neighbor Discovery - Router Solicitation ]### 
        type      = Router Solicitation
        code      = 0
        cksum     = 0x21fe
        res       = 0
###[ ICMPv6 Neighbor Discovery Option - Source Link-Layer Address ]### 
           type      = 1
           len       = 1
           lladdr    = 02:57:0d:34:1f:0d

got a packet
###[ Ethernet ]### 
  dst       = 08:00:00:00:02:02
  src       = 08:00:00:00:02:00
  type      = IPv4
###[ IP ]### 
     version   = 4
     ihl       = 5
     tos       = 0xb9
     len       = 38
     id        = 1
     flags     = 
     frag      = 0
     ttl       = 62
     proto     = udp
     chksum    = 0x650b
     src       = 10.0.1.1
     dst       = 10.0.2.2
     \options   \
###[ UDP ]### 
        sport     = 1234
        dport     = 4321
        len       = 18
        chksum    = 0xfc7a
###[ Raw ]### 
           load      = 'p4 is cool'

got a packet
###[ Ethernet ]### 
  dst       = 08:00:00:00:02:00
  src       = 08:00:00:00:02:02
  type      = IPv4
###[ IP ]### 
     version   = 4
     ihl       = 5
     tos       = 0xd8
     len       = 66
     id        = 4337
     flags     = 
     frag      = 0
     ttl       = 64
     proto     = icmp
     chksum    = 0x51f0
     src       = 10.0.2.2
     dst       = 10.0.1.1
     \options   \
###[ ICMP ]### 
        type      = dest-unreach
        code      = port-unreachable
        chksum    = 0x1423
        reserved  = 0
        length    = 0
        nexthopmtu= 0
        unused    = ''
###[ IP in ICMP ]### 
           version   = 4
           ihl       = 5
           tos       = 0xb9
           len       = 38
           id        = 1
           flags     = 
           frag      = 0
           ttl       = 62
           proto     = udp
           chksum    = 0x650b
           src       = 10.0.1.1
           dst       = 10.0.2.2
           \options   \
###[ UDP in ICMP ]### 
              sport     = 1234
              dport     = 4321
              len       = 18
              chksum    = 0xfc7a
###[ Raw ]### 
                 load      = 'p4 is cool'

got a packet
###[ Ethernet ]### 
  dst       = 08:00:00:00:02:02
  src       = 08:00:00:00:02:00
  type      = IPv4
###[ IP ]### 
     version   = 4
     ihl       = 5
     tos       = 0xb9
     len       = 38
     id        = 1
     flags     = 
     frag      = 0
     ttl       = 62
     proto     = udp
     chksum    = 0x650b
     src       = 10.0.1.1
     dst       = 10.0.2.2
     \options   \
###[ UDP ]### 
        sport     = 1234
        dport     = 4321
        len       = 18
        chksum    = 0xfc7a
###[ Raw ]### 
           load      = 'p4 is cool'

got a packet
###[ Ethernet ]### 
  dst       = 08:00:00:00:02:00
  src       = 08:00:00:00:02:02
  type      = IPv4
###[ IP ]### 
     version   = 4
     ihl       = 5
     tos       = 0xd8
     len       = 66
     id        = 4352
     flags     = 
     frag      = 0
     ttl       = 64
     proto     = icmp
     chksum    = 0x51e1
     src       = 10.0.2.2
     dst       = 10.0.1.1
     \options   \
###[ ICMP ]### 
        type      = dest-unreach
        code      = port-unreachable
        chksum    = 0x1423
        reserved  = 0
        length    = 0
        nexthopmtu= 0
        unused    = ''
###[ IP in ICMP ]### 
           version   = 4
           ihl       = 5
           tos       = 0xb9
           len       = 38
           id        = 1
           flags     = 
           frag      = 0
           ttl       = 62
           proto     = udp
           chksum    = 0x650b
           src       = 10.0.1.1
           dst       = 10.0.2.2
           \options   \
###[ UDP in ICMP ]### 
              sport     = 1234
              dport     = 4321
              len       = 18
              chksum    = 0xfc7a
###[ Raw ]### 
                 load      = 'p4 is cool'

got a packet
###[ Ethernet ]### 
  dst       = 08:00:00:00:02:02
  src       = 08:00:00:00:02:00
  type      = IPv4
###[ IP ]### 
     version   = 4
     ihl       = 5
     tos       = 0xb9
     len       = 38
     id        = 1
     flags     = 
     frag      = 0
     ttl       = 62
     proto     = udp
     chksum    = 0x650b
     src       = 10.0.1.1
     dst       = 10.0.2.2
     \options   \
###[ UDP ]### 
        sport     = 1234
        dport     = 4321
        len       = 18
        chksum    = 0xfc7a
###[ Raw ]### 
           load      = 'p4 is cool'

got a packet
###[ Ethernet ]### 
  dst       = 08:00:00:00:02:00
  src       = 08:00:00:00:02:02
  type      = IPv4
###[ IP ]### 
     version   = 4
     ihl       = 5
     tos       = 0xd8
     len       = 66
     id        = 4443
     flags     = 
     frag      = 0
     ttl       = 64
     proto     = icmp
     chksum    = 0x5186
     src       = 10.0.2.2
     dst       = 10.0.1.1
     \options   \
###[ ICMP ]### 
        type      = dest-unreach
        code      = port-unreachable
        chksum    = 0x1423
        reserved  = 0
        length    = 0
        nexthopmtu= 0
        unused    = ''
###[ IP in ICMP ]### 
           version   = 4
           ihl       = 5
           tos       = 0xb9
           len       = 38
           id        = 1
           flags     = 
           frag      = 0
           ttl       = 62
           proto     = udp
           chksum    = 0x650b
           src       = 10.0.1.1
           dst       = 10.0.2.2
           \options   \
###[ UDP in ICMP ]### 
              sport     = 1234
              dport     = 4321
              len       = 18
              chksum    = 0xfc7a
###[ Raw ]### 
                 load      = 'p4 is cool'

got a packet
###[ Ethernet ]### 
  dst       = 08:00:00:00:02:02
  src       = 08:00:00:00:02:00
  type      = IPv4
###[ IP ]### 
     version   = 4
     ihl       = 5
     tos       = 0xb9
     len       = 38
     id        = 1
     flags     = 
     frag      = 0
     ttl       = 62
     proto     = udp
     chksum    = 0x650b
     src       = 10.0.1.1
     dst       = 10.0.2.2
     \options   \
###[ UDP ]### 
        sport     = 1234
        dport     = 4321
        len       = 18
        chksum    = 0xfc7a
###[ Raw ]### 
           load      = 'p4 is cool'

got a packet
###[ Ethernet ]### 
  dst       = 08:00:00:00:02:00
  src       = 08:00:00:00:02:02
  type      = IPv4
###[ IP ]### 
     version   = 4
     ihl       = 5
     tos       = 0xd8
     len       = 66
     id        = 4603
     flags     = 
     frag      = 0
     ttl       = 64
     proto     = icmp
     chksum    = 0x50e6
     src       = 10.0.2.2
     dst       = 10.0.1.1
     \options   \
###[ ICMP ]### 
        type      = dest-unreach
        code      = port-unreachable
        chksum    = 0x1423
        reserved  = 0
        length    = 0
        nexthopmtu= 0
        unused    = ''
###[ IP in ICMP ]### 
           version   = 4
           ihl       = 5
           tos       = 0xb9
           len       = 38
           id        = 1
           flags     = 
           frag      = 0
           ttl       = 62
           proto     = udp
           chksum    = 0x650b
           src       = 10.0.1.1
           dst       = 10.0.2.2
           \options   \
###[ UDP in ICMP ]### 
              sport     = 1234
              dport     = 4321
              len       = 18
              chksum    = 0xfc7a
###[ Raw ]### 
                 load      = 'p4 is cool'

got a packet
###[ Ethernet ]### 
  dst       = 08:00:00:00:02:02
  src       = 08:00:00:00:02:00
  type      = IPv4
###[ IP ]### 
     version   = 4
     ihl       = 5
     tos       = 0xb9
     len       = 38
     id        = 1
     flags     = 
     frag      = 0
     ttl       = 62
     proto     = udp
     chksum    = 0x650b
     src       = 10.0.1.1
     dst       = 10.0.2.2
     \options   \
###[ UDP ]### 
        sport     = 1234
        dport     = 4321
        len       = 18
        chksum    = 0xfc7a
###[ Raw ]### 
           load      = 'p4 is cool'

got a packet
###[ Ethernet ]### 
  dst       = 08:00:00:00:02:00
  src       = 08:00:00:00:02:02
  type      = IPv4
###[ IP ]### 
     version   = 4
     ihl       = 5
     tos       = 0xd8
     len       = 66
     id        = 4751
     flags     = 
     frag      = 0
     ttl       = 64
     proto     = icmp
     chksum    = 0x5052
     src       = 10.0.2.2
     dst       = 10.0.1.1
     \options   \
###[ ICMP ]### 
        type      = dest-unreach
        code      = port-unreachable
        chksum    = 0x1423
        reserved  = 0
        length    = 0
        nexthopmtu= 0
        unused    = ''
###[ IP in ICMP ]### 
           version   = 4
           ihl       = 5
           tos       = 0xb9
           len       = 38
           id        = 1
           flags     = 
           frag      = 0
           ttl       = 62
           proto     = udp
           chksum    = 0x650b
           src       = 10.0.1.1
           dst       = 10.0.2.2
           \options   \
###[ UDP in ICMP ]### 
              sport     = 1234
              dport     = 4321
              len       = 18
              chksum    = 0xfc7a
###[ Raw ]### 
                 load      = 'p4 is cool'

got a packet
###[ Ethernet ]### 
  dst       = 08:00:00:00:02:02
  src       = 08:00:00:00:02:00
  type      = IPv4
###[ IP ]### 
     version   = 4
     ihl       = 5
     tos       = 0xb9
     len       = 38
     id        = 1
     flags     = 
     frag      = 0
     ttl       = 62
     proto     = udp
     chksum    = 0x650b
     src       = 10.0.1.1
     dst       = 10.0.2.2
     \options   \
###[ UDP ]### 
        sport     = 1234
        dport     = 4321
        len       = 18
        chksum    = 0xfc7a
###[ Raw ]### 
           load      = 'p4 is cool'

got a packet
###[ Ethernet ]### 
  dst       = 08:00:00:00:02:00
  src       = 08:00:00:00:02:02
  type      = IPv4
###[ IP ]### 
     version   = 4
     ihl       = 5
     tos       = 0xd8
     len       = 66
     id        = 4925
     flags     = 
     frag      = 0
     ttl       = 64
     proto     = icmp
     chksum    = 0x4fa4
     src       = 10.0.2.2
     dst       = 10.0.1.1
     \options   \
###[ ICMP ]### 
        type      = dest-unreach
        code      = port-unreachable
        chksum    = 0x1423
        reserved  = 0
        length    = 0
        nexthopmtu= 0
        unused    = ''
###[ IP in ICMP ]### 
           version   = 4
           ihl       = 5
           tos       = 0xb9
           len       = 38
           id        = 1
           flags     = 
           frag      = 0
           ttl       = 62
           proto     = udp
           chksum    = 0x650b
           src       = 10.0.1.1
           dst       = 10.0.2.2
           \options   \
###[ UDP in ICMP ]### 
              sport     = 1234
              dport     = 4321
              len       = 18
              chksum    = 0xfc7a
###[ Raw ]### 
                 load      = 'p4 is cool'

got a packet
###[ Ethernet ]### 
  dst       = 08:00:00:00:02:02
  src       = 08:00:00:00:02:00
  type      = IPv4
###[ IP ]### 
     version   = 4
     ihl       = 5
     tos       = 0xb9
     len       = 38
     id        = 1
     flags     = 
     frag      = 0
     ttl       = 62
     proto     = udp
     chksum    = 0x650b
     src       = 10.0.1.1
     dst       = 10.0.2.2
     \options   \
###[ UDP ]### 
        sport     = 1234
        dport     = 4321
        len       = 18
        chksum    = 0xfc7a
###[ Raw ]### 
           load      = 'p4 is cool'

got a packet
###[ Ethernet ]### 
  dst       = 08:00:00:00:02:00
  src       = 08:00:00:00:02:02
  type      = IPv4
###[ IP ]### 
     version   = 4
     ihl       = 5
     tos       = 0xd8
     len       = 66
     id        = 5135
     flags     = 
     frag      = 0
     ttl       = 64
     proto     = icmp
     chksum    = 0x4ed2
     src       = 10.0.2.2
     dst       = 10.0.1.1
     \options   \
###[ ICMP ]### 
        type      = dest-unreach
        code      = port-unreachable
        chksum    = 0x1423
        reserved  = 0
        length    = 0
        nexthopmtu= 0
        unused    = ''
###[ IP in ICMP ]### 
           version   = 4
           ihl       = 5
           tos       = 0xb9
           len       = 38
           id        = 1
           flags     = 
           frag      = 0
           ttl       = 62
           proto     = udp
           chksum    = 0x650b
           src       = 10.0.1.1
           dst       = 10.0.2.2
           \options   \
###[ UDP in ICMP ]### 
              sport     = 1234
              dport     = 4321
              len       = 18
              chksum    = 0xfc7a
###[ Raw ]### 
                 load      = 'p4 is cool'

got a packet
###[ Ethernet ]### 
  dst       = 08:00:00:00:02:02
  src       = 08:00:00:00:02:00
  type      = IPv4
###[ IP ]### 
     version   = 4
     ihl       = 5
     tos       = 0xb9
     len       = 38
     id        = 1
     flags     = 
     frag      = 0
     ttl       = 62
     proto     = udp
     chksum    = 0x650b
     src       = 10.0.1.1
     dst       = 10.0.2.2
     \options   \
###[ UDP ]### 
        sport     = 1234
        dport     = 4321
        len       = 18
        chksum    = 0xfc7a
###[ Raw ]### 
           load      = 'p4 is cool'

got a packet
###[ Ethernet ]### 
  dst       = 08:00:00:00:02:00
  src       = 08:00:00:00:02:02
  type      = IPv4
###[ IP ]### 
     version   = 4
     ihl       = 5
     tos       = 0xd8
     len       = 66
     id        = 5326
     flags     = 
     frag      = 0
     ttl       = 64
     proto     = icmp
     chksum    = 0x4e13
     src       = 10.0.2.2
     dst       = 10.0.1.1
     \options   \
###[ ICMP ]### 
        type      = dest-unreach
        code      = port-unreachable
        chksum    = 0x1423
        reserved  = 0
        length    = 0
        nexthopmtu= 0
        unused    = ''
###[ IP in ICMP ]### 
           version   = 4
           ihl       = 5
           tos       = 0xb9
           len       = 38
           id        = 1
           flags     = 
           frag      = 0
           ttl       = 62
           proto     = udp
           chksum    = 0x650b
           src       = 10.0.1.1
           dst       = 10.0.2.2
           \options   \
###[ UDP in ICMP ]### 
              sport     = 1234
              dport     = 4321
              len       = 18
              chksum    = 0xfc7a
###[ Raw ]### 
                 load      = 'p4 is cool'

got a packet
###[ Ethernet ]### 
  dst       = 08:00:00:00:02:02
  src       = 08:00:00:00:02:00
  type      = IPv4
###[ IP ]### 
     version   = 4
     ihl       = 5
     tos       = 0xb9
     len       = 38
     id        = 1
     flags     = 
     frag      = 0
     ttl       = 62
     proto     = udp
     chksum    = 0x650b
     src       = 10.0.1.1
     dst       = 10.0.2.2
     \options   \
###[ UDP ]### 
        sport     = 1234
        dport     = 4321
        len       = 18
        chksum    = 0xfc7a
###[ Raw ]### 
           load      = 'p4 is cool'

got a packet
###[ Ethernet ]### 
  dst       = 08:00:00:00:02:00
  src       = 08:00:00:00:02:02
  type      = IPv4
###[ IP ]### 
     version   = 4
     ihl       = 5
     tos       = 0xd8
     len       = 66
     id        = 5363
     flags     = 
     frag      = 0
     ttl       = 64
     proto     = icmp
     chksum    = 0x4dee
     src       = 10.0.2.2
     dst       = 10.0.1.1
     \options   \
###[ ICMP ]### 
        type      = dest-unreach
        code      = port-unreachable
        chksum    = 0x1423
        reserved  = 0
        length    = 0
        nexthopmtu= 0
        unused    = ''
###[ IP in ICMP ]### 
           version   = 4
           ihl       = 5
           tos       = 0xb9
           len       = 38
           id        = 1
           flags     = 
           frag      = 0
           ttl       = 62
           proto     = udp
           chksum    = 0x650b
           src       = 10.0.1.1
           dst       = 10.0.2.2
           \options   \
###[ UDP in ICMP ]### 
              sport     = 1234
              dport     = 4321
              len       = 18
              chksum    = 0xfc7a
###[ Raw ]### 
                 load      = 'p4 is cool'

got a packet
###[ Ethernet ]### 
  dst       = 33:33:00:00:00:fb
  src       = 02:57:0d:34:1f:0d
  type      = IPv6
###[ IPv6 ]### 
     version   = 6
     tc        = 0
     fl        = 654691
     plen      = 53
     nh        = UDP
     hlim      = 255
     src       = fe80::57:dff:fe34:1f0d
     dst       = ff02::fb
###[ UDP ]### 
        sport     = mdns
        dport     = mdns
        len       = 53
        chksum    = 0x2a5d
###[ DNS ]### 
           id        = 0
           qr        = 0
           opcode    = QUERY
           aa        = 0
           tc        = 0
           rd        = 0
           ra        = 0
           z         = 0
           ad        = 0
           cd        = 0
           rcode     = ok
           qdcount   = 2
           ancount   = 0
           nscount   = 0
           arcount   = 0
           \qd        \
            |###[ DNS Question Record ]### 
            |  qname     = '_ipps._tcp.local.'
            |  qtype     = PTR
            |  qclass    = IN
            |###[ DNS Question Record ]### 
            |  qname     = '_ipp._tcp.local.'
            |  qtype     = PTR
            |  qclass    = IN
           an        = None
           ns        = None
           ar        = None

got a packet
###[ Ethernet ]### 
  dst       = 08:00:00:00:02:02
  src       = 08:00:00:00:02:00
  type      = IPv4
###[ IP ]### 
     version   = 4
     ihl       = 5
     tos       = 0xb9
     len       = 38
     id        = 1
     flags     = 
     frag      = 0
     ttl       = 62
     proto     = udp
     chksum    = 0x650b
     src       = 10.0.1.1
     dst       = 10.0.2.2
     \options   \
###[ UDP ]### 
        sport     = 1234
        dport     = 4321
        len       = 18
        chksum    = 0xfc7a
###[ Raw ]### 
           load      = 'p4 is cool'

got a packet
###[ Ethernet ]### 
  dst       = 08:00:00:00:02:00
  src       = 08:00:00:00:02:02
  type      = IPv4
###[ IP ]### 
     version   = 4
     ihl       = 5
     tos       = 0xd8
     len       = 66
     id        = 5593
     flags     = 
     frag      = 0
     ttl       = 64
     proto     = icmp
     chksum    = 0x4d08
     src       = 10.0.2.2
     dst       = 10.0.1.1
     \options   \
###[ ICMP ]### 
        type      = dest-unreach
        code      = port-unreachable
        chksum    = 0x1423
        reserved  = 0
        length    = 0
        nexthopmtu= 0
        unused    = ''
###[ IP in ICMP ]### 
           version   = 4
           ihl       = 5
           tos       = 0xb9
           len       = 38
           id        = 1
           flags     = 
           frag      = 0
           ttl       = 62
           proto     = udp
           chksum    = 0x650b
           src       = 10.0.1.1
           dst       = 10.0.2.2
           \options   \
###[ UDP in ICMP ]### 
              sport     = 1234
              dport     = 4321
              len       = 18
              chksum    = 0xfc7a
###[ Raw ]### 
                 load      = 'p4 is cool'

got a packet
###[ Ethernet ]### 
  dst       = 08:00:00:00:02:02
  src       = 08:00:00:00:02:00
  type      = IPv4
###[ IP ]### 
     version   = 4
     ihl       = 5
     tos       = 0xb9
     len       = 38
     id        = 1
     flags     = 
     frag      = 0
     ttl       = 62
     proto     = udp
     chksum    = 0x650b
     src       = 10.0.1.1
     dst       = 10.0.2.2
     \options   \
###[ UDP ]### 
        sport     = 1234
        dport     = 4321
        len       = 18
        chksum    = 0xfc7a
###[ Raw ]### 
           load      = 'p4 is cool'

got a packet
###[ Ethernet ]### 
  dst       = 08:00:00:00:02:00
  src       = 08:00:00:00:02:02
  type      = IPv4
###[ IP ]### 
     version   = 4
     ihl       = 5
     tos       = 0xd8
     len       = 66
     id        = 5647
     flags     = 
     frag      = 0
     ttl       = 64
     proto     = icmp
     chksum    = 0x4cd2
     src       = 10.0.2.2
     dst       = 10.0.1.1
     \options   \
###[ ICMP ]### 
        type      = dest-unreach
        code      = port-unreachable
        chksum    = 0x1423
        reserved  = 0
        length    = 0
        nexthopmtu= 0
        unused    = ''
###[ IP in ICMP ]### 
           version   = 4
           ihl       = 5
           tos       = 0xb9
           len       = 38
           id        = 1
           flags     = 
           frag      = 0
           ttl       = 62
           proto     = udp
           chksum    = 0x650b
           src       = 10.0.1.1
           dst       = 10.0.2.2
           \options   \
###[ UDP in ICMP ]### 
              sport     = 1234
              dport     = 4321
              len       = 18
              chksum    = 0xfc7a
###[ Raw ]### 
                 load      = 'p4 is cool'

got a packet
###[ Ethernet ]### 
  dst       = 08:00:00:00:02:02
  src       = 08:00:00:00:02:00
  type      = IPv4
###[ IP ]### 
     version   = 4
     ihl       = 5
     tos       = 0xb1
     len       = 50
     id        = 1
     flags     = 
     frag      = 0
     ttl       = 62
     proto     = tcp
     chksum    = 0x6512
     src       = 10.0.1.1
     dst       = 10.0.2.2
     \options   \
###[ TCP ]### 
        sport     = ftp_data
        dport     = http
        seq       = 0
        ack       = 0
        dataofs   = 5
        reserved  = 0
        flags     = S
        window    = 8192
        chksum    = 0xa1d8
        urgptr    = 0
        options   = []
###[ Raw ]### 
           load      = 'p4 is cool'

got a packet
###[ Ethernet ]### 
  dst       = 08:00:00:00:02:00
  src       = 08:00:00:00:02:02
  type      = IPv4
###[ IP ]### 
     version   = 4
     ihl       = 5
     tos       = 0xb0
     len       = 40
     id        = 0
     flags     = DF
     frag      = 0
     ttl       = 64
     proto     = tcp
     chksum    = 0x231e
     src       = 10.0.2.2
     dst       = 10.0.1.1
     \options   \
###[ TCP ]### 
        sport     = http
        dport     = ftp_data
        seq       = 0
        ack       = 11
        dataofs   = 5
        reserved  = 0
        flags     = RA
        window    = 0
        chksum    = 0x985f
        urgptr    = 0
        options   = ''

got a packet
###[ Ethernet ]### 
  dst       = 08:00:00:00:02:02
  src       = 08:00:00:00:02:00
  type      = IPv4
###[ IP ]### 
     version   = 4
     ihl       = 5
     tos       = 0xb1
     len       = 50
     id        = 1
     flags     = 
     frag      = 0
     ttl       = 62
     proto     = tcp
     chksum    = 0x6512
     src       = 10.0.1.1
     dst       = 10.0.2.2
     \options   \
###[ TCP ]### 
        sport     = ftp_data
        dport     = http
        seq       = 0
        ack       = 0
        dataofs   = 5
        reserved  = 0
        flags     = S
        window    = 8192
        chksum    = 0xa1d8
        urgptr    = 0
        options   = []
###[ Raw ]### 
           load      = 'p4 is cool'

got a packet
###[ Ethernet ]### 
  dst       = 08:00:00:00:02:00
  src       = 08:00:00:00:02:02
  type      = IPv4
###[ IP ]### 
     version   = 4
     ihl       = 5
     tos       = 0xb0
     len       = 40
     id        = 0
     flags     = DF
     frag      = 0
     ttl       = 64
     proto     = tcp
     chksum    = 0x231e
     src       = 10.0.2.2
     dst       = 10.0.1.1
     \options   \
###[ TCP ]### 
        sport     = http
        dport     = ftp_data
        seq       = 0
        ack       = 11
        dataofs   = 5
        reserved  = 0
        flags     = RA
        window    = 0
        chksum    = 0x985f
        urgptr    = 0
        options   = ''

got a packet
###[ Ethernet ]### 
  dst       = 08:00:00:00:02:02
  src       = 08:00:00:00:02:00
  type      = IPv4
###[ IP ]### 
     version   = 4
     ihl       = 5
     tos       = 0xb1
     len       = 50
     id        = 1
     flags     = 
     frag      = 0
     ttl       = 62
     proto     = tcp
     chksum    = 0x6512
     src       = 10.0.1.1
     dst       = 10.0.2.2
     \options   \
###[ TCP ]### 
        sport     = ftp_data
        dport     = http
        seq       = 0
        ack       = 0
        dataofs   = 5
        reserved  = 0
        flags     = S
        window    = 8192
        chksum    = 0xa1d8
        urgptr    = 0
        options   = []
###[ Raw ]### 
           load      = 'p4 is cool'

got a packet
###[ Ethernet ]### 
  dst       = 08:00:00:00:02:00
  src       = 08:00:00:00:02:02
  type      = IPv4
###[ IP ]### 
     version   = 4
     ihl       = 5
     tos       = 0xb0
     len       = 40
     id        = 0
     flags     = DF
     frag      = 0
     ttl       = 64
     proto     = tcp
     chksum    = 0x231e
     src       = 10.0.2.2
     dst       = 10.0.1.1
     \options   \
###[ TCP ]### 
        sport     = http
        dport     = ftp_data
        seq       = 0
        ack       = 11
        dataofs   = 5
        reserved  = 0
        flags     = RA
        window    = 0
        chksum    = 0x985f
        urgptr    = 0
        options   = ''

got a packet
###[ Ethernet ]### 
  dst       = 08:00:00:00:02:02
  src       = 08:00:00:00:02:00
  type      = IPv4
###[ IP ]### 
     version   = 4
     ihl       = 5
     tos       = 0xb1
     len       = 50
     id        = 1
     flags     = 
     frag      = 0
     ttl       = 62
     proto     = tcp
     chksum    = 0x6512
     src       = 10.0.1.1
     dst       = 10.0.2.2
     \options   \
###[ TCP ]### 
        sport     = ftp_data
        dport     = http
        seq       = 0
        ack       = 0
        dataofs   = 5
        reserved  = 0
        flags     = S
        window    = 8192
        chksum    = 0xa1d8
        urgptr    = 0
        options   = []
###[ Raw ]### 
           load      = 'p4 is cool'

got a packet
###[ Ethernet ]### 
  dst       = 08:00:00:00:02:00
  src       = 08:00:00:00:02:02
  type      = IPv4
###[ IP ]### 
     version   = 4
     ihl       = 5
     tos       = 0xb0
     len       = 40
     id        = 0
     flags     = DF
     frag      = 0
     ttl       = 64
     proto     = tcp
     chksum    = 0x231e
     src       = 10.0.2.2
     dst       = 10.0.1.1
     \options   \
###[ TCP ]### 
        sport     = http
        dport     = ftp_data
        seq       = 0
        ack       = 11
        dataofs   = 5
        reserved  = 0
        flags     = RA
        window    = 0
        chksum    = 0x985f
        urgptr    = 0
        options   = ''

got a packet
###[ Ethernet ]### 
  dst       = 08:00:00:00:02:02
  src       = 08:00:00:00:02:00
  type      = IPv4
###[ IP ]### 
     version   = 4
     ihl       = 5
     tos       = 0xb1
     len       = 50
     id        = 1
     flags     = 
     frag      = 0
     ttl       = 62
     proto     = tcp
     chksum    = 0x6512
     src       = 10.0.1.1
     dst       = 10.0.2.2
     \options   \
###[ TCP ]### 
        sport     = ftp_data
        dport     = http
        seq       = 0
        ack       = 0
        dataofs   = 5
        reserved  = 0
        flags     = S
        window    = 8192
        chksum    = 0xa1d8
        urgptr    = 0
        options   = []
###[ Raw ]### 
           load      = 'p4 is cool'

got a packet
###[ Ethernet ]### 
  dst       = 08:00:00:00:02:00
  src       = 08:00:00:00:02:02
  type      = IPv4
###[ IP ]### 
     version   = 4
     ihl       = 5
     tos       = 0xb0
     len       = 40
     id        = 0
     flags     = DF
     frag      = 0
     ttl       = 64
     proto     = tcp
     chksum    = 0x231e
     src       = 10.0.2.2
     dst       = 10.0.1.1
     \options   \
###[ TCP ]### 
        sport     = http
        dport     = ftp_data
        seq       = 0
        ack       = 11
        dataofs   = 5
        reserved  = 0
        flags     = RA
        window    = 0
        chksum    = 0x985f
        urgptr    = 0
        options   = ''

